total 1544
HELLO-rw-r--r--    1 root  wheel    43348 Oct 15 23:33 AppleTextureEncoder.h
HELLO-rw-r--r--    1 root  wheel    59202 Jan 26 01:31 AssertMacros.h
HELLO-rw-r--r--    1 root  wheel    16150 Jan 26 01:31 Availability.h
HELLO-rw-r--r--    1 root  wheel  2638930 Jan 26 01:31 AvailabilityInternal.h
HELLO-rw-r--r--    1 root  wheel   205220 Jan 26 01:31 AvailabilityMacros.h
HELLO-rw-r--r--    1 root  wheel     1775 Oct 14 22:41 Block.h
HELLOdrwxr-xr-x   10 root  wheel      340 Feb  4 09:43 CommonCrypto
HELLO-rw-r--r--    1 root  wheel    26794 Jan 26 01:31 ConditionalMacros.h
HELLO-rw-r--r--    1 root  wheel    31722 Jan 26 01:31 MacTypes.h
HELLO-rw-r--r--    1 root  wheel     5060 Feb  4 09:43 NSSystemDirectories.h
HELLO-rw-r--r--    1 root  wheel    15170 Jan 26 01:31 TargetConditionals.h
HELLO-r--r--r--    1 root  wheel    27271 Oct 15 02:26 Xplugin.h
HELLO-rw-r--r--    1 root  wheel      637 Jan 31 02:36 __cxxabi_config.h
HELLO-r--r--r--    1 root  wheel     2718 Feb  4 09:38 _locale.h
HELLOdrwxr-xr-x   11 root  wheel      374 Feb  4 09:38 _types
HELLO-r--r--r--    1 root  wheel     2192 Feb  4 09:38 _types.h
HELLO-r--r--r--    1 root  wheel     4071 Feb  4 09:38 _wctype.h
HELLO-r--r--r--    1 root  wheel     1158 Feb  4 09:38 _xlocale.h
HELLO-r--r--r--    1 root  wheel     1214 Feb  4 09:38 aio.h
HELLO-r--r--r--    1 root  wheel     1435 Jan 21 13:04 aliasdb.h
HELLO-r--r--r--    1 root  wheel     1376 Feb  4 09:38 alloca.h
HELLOdrwxr-xr-x  116 root  wheel     3944 Mar  7 09:18 apache2
HELLOdrwxr-xr-x   73 root  wheel     2482 Oct 15 01:17 apr-1
HELLO-r--r--r--    1 root  wheel     2901 Feb  4 09:38 ar.h
HELLOdrwxr-xr-x    5 root  wheel      170 Jul 30 20:17 architecture
HELLOdrwxr-xr-x    8 root  wheel      272 Oct  4 14:59 arpa
HELLO-rw-r--r--    1 root  wheel    49386 Nov 10 00:27 asl.h
HELLO-r--r--r--    1 root  wheel     4197 Feb  4 09:38 assert.h
HELLOdrwxr-xr-x    5 root  wheel      170 Mar  4 01:51 atm
HELLOdrwxr-xr-x    3 root  wheel      102 Mar  4 01:51 bank
HELLO-r--r--r--    1 root  wheel     5084 Feb  4 09:38 bitstring.h
HELLO-r--r--r--    1 root  wheel     1556 Jan 21 13:04 bootparams.h
HELLO-rw-r--r--    1 root  wheel     3560 Feb  7 06:57 bootstrap.h
HELLOdrwxr-xr-x   14 root  wheel      476 Mar  7 09:24 bsm
HELLO-rw-r--r--    1 root  wheel     6245 Feb  4 09:48 bzlib.h
HELLOdrwxr-xr-x    3 root  wheel      102 Oct 14 23:01 c++
HELLO-rw-r--r--    1 root  wheel    11808 Oct 14 22:45 cache.h
HELLO-rw-r--r--    1 root  wheel     1431 Oct 14 22:45 cache_callbacks.h
HELLO-rw-r--r--    1 root  wheel    19340 Oct 14 22:41 checkint.h
HELLO-rw-r--r--    1 root  wheel     3139 Oct 15 00:25 com_err.h
HELLO-rw-r--r--    1 root  wheel     6362 Feb  4 09:36 complex.h
HELLO-rw-r--r--    1 root  wheel    17273 Dec 11 01:23 compression.h
HELLO-rw-r--r--    1 root  wheel     4251 Oct 14 22:55 copyfile.h
HELLOdrwxr-xr-x    3 root  wheel      102 Mar  4 01:51 corpses
HELLO-r--r--r--    1 root  wheel     2466 Feb  4 09:38 cpio.h
HELLO-r--r--r--    1 root  wheel     1588 Feb  4 09:38 crt_externs.h
HELLO-r--r--r--    1 root  wheel    10406 Feb  4 09:38 ctype.h
HELLOdrwxr-xr-x   17 root  wheel      578 Feb  4 09:59 cups
HELLOdrwxr-xr-x   11 root  wheel      374 Dec 22 02:58 curl
HELLO-rw-r--r--    1 root  wheel    80094 Oct 14 23:21 curses.h
HELLO-rw-r--r--    1 root  wheel     6539 Jan 31 02:36 cxxabi.h
HELLO-r--r--r--    1 root  wheel     7897 Feb  4 09:38 db.h
HELLOdrwxr-xr-x    3 root  wheel      102 Mar  4 01:51 default_pager
HELLOdrwxr-xr-x    6 root  wheel      204 Mar  4 01:51 device
HELLO-r--r--r--    1 root  wheel     6688 Feb  4 09:38 dirent.h
HELLO-r--r--r--    1 root  wheel     2590 Feb  4 09:38 disktab.h
HELLOdrwxr-xr-x   17 root  wheel      578 Feb 21 03:32 dispatch
HELLO-rw-r--r--    1 root  wheel     2847 Mar  4 01:49 dlfcn.h
HELLO-rw-r--r--    1 root  wheel     5682 Oct 14 23:19 dns.h
HELLO-rw-r--r--    1 root  wheel   134268 Feb  2 09:39 dns_sd.h
HELLO-rw-r--r--    1 root  wheel     7953 Oct 14 23:19 dns_util.h
HELLO-rw-r--r--    1 root  wheel    26438 Feb  2 09:57 dtrace.h
HELLOdrwxr-xr-x    3 root  wheel      102 Oct 14 23:26 editline
HELLO-r--r--r--    1 root  wheel     4360 Feb  4 09:38 err.h
HELLO-r--r--r--    1 root  wheel     1003 Feb  4 09:38 errno.h
HELLO-rw-r--r--    1 root  wheel     2891 Oct 14 23:21 eti.h
HELLO-r--r--r--    1 root  wheel     1393 Feb  4 09:38 execinfo.h
HELLO-rw-r--r--    1 root  wheel    41805 Oct 14 23:14 expat.h
HELLO-rw-r--r--    1 root  wheel     3364 Oct 14 23:14 expat_external.h
HELLO-r--r--r--    1 root  wheel     1002 Feb  4 09:38 fcntl.h
HELLO-rw-r--r--    1 root  wheel    18958 Feb  4 09:36 fenv.h
HELLOdrwxr-xr-x    9 root  wheel      306 Oct 14 22:59 ffi
HELLO-r--r--r--    1 root  wheel     2831 Feb  4 09:38 fmtmsg.h
HELLO-r--r--r--    1 root  wheel     3602 Feb  4 09:38 fnmatch.h
HELLO-rw-r--r--    1 root  wheel    17190 Oct 14 23:21 form.h
HELLO-r--r--r--    1 root  wheel     2436 Feb  4 09:38 fsproperties.h
HELLO-r--r--r--    1 root  wheel     3220 Feb  4 09:38 fstab.h
HELLO-r--r--r--    1 root  wheel     7601 Feb  4 09:38 fts.h
HELLO-r--r--r--    1 root  wheel     2291 Feb  4 09:38 ftw.h
HELLO-r--r--r--    1 root  wheel     1339 Feb  4 09:38 get_compat.h
HELLO-rw-r--r--    1 root  wheel     1878 Mar  4 01:49 gethostuuid.h
HELLO-r--r--r--    1 root  wheel     3260 Feb  4 09:38 getopt.h
HELLO-r--r--r--    1 root  wheel     5497 Feb  4 09:38 glob.h
HELLO-r--r--r--    1 root  wheel     3507 Jan 21 13:04 grp.h
HELLOdrwxr-xr-x    5 root  wheel      170 Oct 15 00:25 gssapi
HELLO-rw-r--r--    1 root  wheel      118 Oct 15 00:25 gssapi.h
HELLOdrwxr-xr-x    5 root  wheel      170 Mar  4 02:01 hfs
HELLO-rw-r--r--    1 root  wheel     9246 Oct 14 23:26 histedit.h
HELLOdrwxr-xr-x   16 root  wheel      544 Mar  4 01:51 i386
HELLO-r--r--r--    1 root  wheel     7981 Oct 14 22:57 iconv.h
HELLO-r--r--r--    1 root  wheel     2293 Jan 21 13:04 ifaddrs.h
HELLO-r--r--r--    1 root  wheel     8821 Feb  4 09:38 inttypes.h
HELLO-r--r--r--    1 root  wheel     1852 Feb  4 09:38 iso646.h
HELLOdrwxr-xr-x    5 root  wheel      170 Mar  4 01:51 kern
HELLOdrwxr-xr-x    5 root  wheel      170 Oct 15 00:25 krb5
HELLO-rw-r--r--    1 root  wheel      338 Oct 15 00:25 krb5.h
HELLO-r--r--r--    1 root  wheel     3820 Feb  4 09:38 langinfo.h
HELLO-rw-r--r--    1 root  wheel    15550 Feb  7 06:57 launch.h
HELLO-rw-r--r--    1 root  wheel    25607 Oct 15 01:10 lber.h
HELLO-rw-r--r--    1 root  wheel     1468 Oct 15 01:10 lber_types.h
HELLO-rw-r--r--    1 root  wheel    89753 Oct 15 01:10 ldap.h
HELLO-rw-r--r--    1 root  wheel     9466 Oct 15 01:10 ldap_cdefs.h
HELLO-rw-r--r--    1 root  wheel     1814 Oct 15 01:10 ldap_features.h
HELLO-rw-r--r--    1 root  wheel     9450 Oct 15 01:10 ldap_schema.h
HELLO-rw-r--r--    1 root  wheel     3468 Oct 15 01:10 ldap_utf8.h
HELLO-rw-r--r--    1 root  wheel     4674 Oct 15 01:10 ldif.h
HELLO-r--r--r--    1 root  wheel     2012 Feb  4 09:38 libc.h
HELLO-r--r--r--    1 root  wheel     1550 Oct 14 22:57 libcharset.h
HELLOdrwxr-xr-x    5 root  wheel      170 Feb 11 03:59 libexslt
HELLO-r--r--r--    1 root  wheel     2326 Feb  4 09:38 libgen.h
HELLOdrwxr-xr-x   16 root  wheel      544 Mar  7 09:24 libkern
HELLO-rw-r--r--    1 root  wheel     5924 Mar  4 01:49 libproc.h
HELLO-rw-r--r--    1 root  wheel     9564 Oct 14 22:42 libunwind.h
HELLOdrwxr-xr-x    3 root  wheel      102 Feb 11 03:57 libxml2
HELLOdrwxr-xr-x   23 root  wheel      782 Feb 11 03:59 libxslt
HELLO-r--r--r--    1 root  wheel     5910 Feb  4 09:38 limits.h
HELLO-r--r--r--    1 root  wheel     1395 Oct 14 22:57 localcharset.h
HELLO-r--r--r--    1 root  wheel     2288 Feb  4 09:38 locale.h
HELLOdrwxr-xr-x  112 root  wheel     3808 Mar  7 09:24 mach
HELLOdrwxr-xr-x   20 root  wheel      680 Mar  7 09:20 mach-o
HELLOdrwxr-xr-x   11 root  wheel      374 Mar  4 01:51 mach_debug
HELLOdrwxr-xr-x   15 root  wheel      510 Mar  4 01:51 machine
HELLOdrwxr-xr-x    3 root  wheel      102 Mar  7 09:20 malloc
HELLO-rw-r--r--    1 root  wheel    33084 Feb  4 09:36 math.h
HELLO-r--r--r--    1 root  wheel     8889 Jan 21 13:04 membership.h
HELLO-r--r--r--    1 root  wheel     1893 Feb  4 09:38 memory.h
HELLO-rw-r--r--    1 root  wheel    11845 Oct 14 23:21 menu.h
HELLOdrwxr-xr-x    5 root  wheel      170 Mar  4 01:51 miscfs
HELLO-rw-r--r--    1 root  wheel    22200 Sep 20 00:27 module.modulemap
HELLO-r--r--r--    1 root  wheel     1826 Feb  4 09:38 monetary.h
HELLO-r--r--r--    1 root  wheel     2348 Feb  4 09:38 monitor.h
HELLO-r--r--r--    1 root  wheel     4138 Feb  4 09:38 mpool.h
HELLO-rw-r--r--    1 root  wheel    22018 Oct 14 23:19 nameser.h
HELLO-rw-r--r--    1 root  wheel     3947 Oct 14 23:21 nc_tparm.h
HELLOlrwxr-xr-x    1 root  wheel        8 Oct  4 14:58 ncurses.h -> curses.h
HELLO-rw-r--r--    1 root  wheel     3898 Oct 14 23:21 ncurses_dll.h
HELLO-r--r--r--    1 root  wheel     4464 Feb  4 09:38 ndbm.h
HELLOdrwxr-xr-x   19 root  wheel      646 Mar  4 01:51 net
HELLOdrwxr-xr-x   19 root  wheel      646 Oct 15 01:39 net-snmp
HELLO-r--r--r--    1 root  wheel    12326 Jan 21 13:04 netdb.h
HELLOdrwxr-xr-x   24 root  wheel      816 Mar  4 01:51 netinet
HELLOdrwxr-xr-x   11 root  wheel      374 Mar  4 01:51 netinet6
HELLOdrwxr-xr-x    3 root  wheel      102 Mar  4 01:51 netkey
HELLOdrwxr-xr-x   15 root  wheel      510 Mar  4 01:51 nfs
HELLO-r--r--r--    1 root  wheel     3457 Feb  4 09:38 nl_types.h
HELLO-r--r--r--    1 root  wheel     3434 Feb  4 09:38 nlist.h
HELLO-rw-r--r--    1 root  wheel    13102 Oct 14 22:47 notify.h
HELLO-rw-r--r--    1 root  wheel     3379 Oct 14 22:47 notify_keys.h
HELLO-r--r--r--    1 root  wheel     1209 Jan 21 13:04 ntsid.h
HELLOdrwxr-xr-x   20 root  wheel      680 Mar  7 09:21 objc
HELLOdrwxr-xr-x   11 root  wheel      374 Jan 20 02:33 odmodule
HELLOdrwxr-xr-x   11 root  wheel      374 Mar  7 09:24 os
HELLO-rw-r--r--    1 root  wheel     3770 Oct 14 23:21 panel.h
HELLO-r--r--r--    1 root  wheel     4199 Feb  4 09:38 paths.h
HELLOdrwxr-xr-x   11 root  wheel      374 Feb 21 03:41 pcap
HELLO-rw-r--r--    1 root  wheel     2294 Feb 21 03:41 pcap-bpf.h
HELLO-rw-r--r--    1 root  wheel     2024 Feb 21 03:41 pcap-namedb.h
HELLO-rw-r--r--    1 root  wheel     2226 Feb 21 03:41 pcap.h
HELLOdrwxr-xr-x    7 root  wheel      238 Mar  4 01:51 pexpert
HELLOdrwxr-xr-x    7 root  wheel      238 Mar 24 20:43 php
HELLO-r--r--r--    1 root  wheel     1004 Feb  4 09:38 poll.h
HELLO-r--r--r--    1 root  wheel     1565 Jan 21 13:04 printerdb.h
HELLO-r--r--r--    1 root  wheel    11130 Feb  4 09:38 printf.h
HELLO-rw-r--r--    1 root  wheel     6196 Oct 15 00:25 profile.h
HELLOdrwxr-xr-x    6 root  wheel      204 Feb  4 09:38 protocols
HELLOdrwxr-xr-x    9 root  wheel      306 Feb  4 09:37 pthread
HELLOlrwxr-xr-x    1 root  wheel       17 Oct  4 14:58 pthread.h -> pthread/pthread.h
HELLOlrwxr-xr-x    1 root  wheel       22 Oct  4 14:58 pthread_impl.h -> pthread/pthread_impl.h
HELLOlrwxr-xr-x    1 root  wheel       22 Oct  4 14:58 pthread_spis.h -> pthread/pthread_spis.h
HELLO-r--r--r--    1 root  wheel     4749 Jan 21 13:04 pwd.h
HELLOlrwxr-xr-x    1 root  wheel       79 Oct  4 14:58 python2.6 -> ../../System/Library/Frameworks/Python.framework/Versions/2.6/include/python2.6
HELLOlrwxr-xr-x    1 root  wheel       79 Oct  4 14:58 python2.7 -> ../../System/Library/Frameworks/Python.framework/Versions/2.7/include/python2.7
HELLO-r--r--r--    1 root  wheel     4967 Feb  4 09:38 ranlib.h
HELLOdrwxr-xr-x    4 root  wheel      136 Oct  4 14:59 readline
HELLO-r--r--r--    1 root  wheel     1664 Feb  4 09:38 readpassphrase.h
HELLO-r--r--r--    1 root  wheel     9797 Feb  4 09:38 regex.h
HELLO-rw-r--r--    1 root  wheel     2138 Oct 14 22:41 removefile.h
HELLO-rw-r--r--    1 root  wheel    19273 Oct 14 23:19 resolv.h
HELLOdrwxr-xr-x   14 root  wheel      476 Jan 21 13:04 rpc
HELLOdrwxr-xr-x   34 root  wheel     1156 Mar  7 09:05 rpcsvc
HELLO-r--r--r--    1 root  wheel     3738 Feb  4 09:38 rune.h
HELLO-r--r--r--    1 root  wheel     4198 Feb  4 09:38 runetype.h
HELLO-rw-r--r--    1 root  wheel     3056 Feb  4 09:41 sandbox.h
HELLOdrwxr-xr-x   10 root  wheel      340 Feb  4 09:48 sasl
HELLOlrwxr-xr-x    1 root  wheel       15 Oct  4 14:58 sched.h -> pthread/sched.h
HELLO-r--r--r--    1 root  wheel     1373 Feb  4 09:38 search.h
HELLOdrwxr-xr-x    5 root  wheel      170 Feb  4 09:38 secure
HELLOdrwxr-xr-x   12 root  wheel      408 Mar  7 09:24 security
HELLO-r--r--r--    1 root  wheel     1135 Feb  4 09:38 semaphore.h
HELLOdrwxr-xr-x    9 root  wheel      306 Oct  4 14:59 servers
HELLO-rw-r--r--    1 root  wheel     3139 Feb  4 09:36 setjmp.h
HELLO-r--r--r--    1 root  wheel     2213 Feb  4 09:38 sgtty.h
HELLO-r--r--r--    1 root  wheel     5442 Feb  4 09:38 signal.h
HELLOdrwxr-xr-x   16 root  wheel      544 Mar  7 09:05 simd
HELLO-rw-r--r--    1 root  wheel    38247 Oct 15 01:10 slapi-plugin.h
HELLO-rw-r--r--    1 root  wheel     6983 Mar  4 01:49 spawn.h
HELLO-rw-r--r--    1 root  wheel   423626 Feb 19 23:53 sqlite3.h
HELLO-rw-r--r--    1 root  wheel    30004 Feb 19 23:53 sqlite3ext.h
HELLO-r--r--r--    1 root  wheel     3273 Feb  4 09:38 stab.h
HELLO-r--r--r--    1 root  wheel     1234 Feb  4 09:38 standards.h
HELLO-r--r--r--    1 root  wheel     3816 Feb  4 09:38 stddef.h
HELLO-r--r--r--    1 root  wheel     5408 Feb  4 09:38 stdint.h
HELLO-r--r--r--    1 root  wheel    19154 Feb  4 09:38 stdio.h
HELLO-r--r--r--    1 root  wheel    14088 Feb  4 09:38 stdlib.h
HELLO-r--r--r--    1 root  wheel     1968 Feb  4 09:38 strhash.h
HELLO-r--r--r--    1 root  wheel     7633 Feb  4 09:38 string.h
HELLO-r--r--r--    1 root  wheel     2233 Feb  4 09:38 stringlist.h
HELLO-r--r--r--    1 root  wheel     4063 Feb  4 09:38 strings.h
HELLO-r--r--r--    1 root  wheel     2300 Feb  4 09:38 struct.h
HELLOdrwxr-xr-x  131 root  wheel     4454 Mar  7 09:24 sys
HELLO-rw-r--r--    1 root  wheel     5527 Feb  4 09:43 sysdir.h
HELLO-r--r--r--    1 root  wheel     5472 Feb  4 09:38 sysexits.h
HELLO-r--r--r--    1 root  wheel     1004 Feb  4 09:38 syslog.h
HELLO-r--r--r--    1 root  wheel     3146 Feb  4 09:38 tar.h
HELLOlrwxr-xr-x    1 root  wheel       72 Oct  4 14:58 tcl.h -> ../../System/Library/Frameworks/Tcl.framework/Versions/8.5/Headers/tcl.h
HELLOlrwxr-xr-x    1 root  wheel       77 Oct  4 14:58 tclDecls.h -> ../../System/Library/Frameworks/Tcl.framework/Versions/8.5/Headers/tclDecls.h
HELLOlrwxr-xr-x    1 root  wheel       81 Oct  4 14:58 tclPlatDecls.h -> ../../System/Library/Frameworks/Tcl.framework/Versions/8.5/Headers/tclPlatDecls.h
HELLOlrwxr-xr-x    1 root  wheel       79 Oct  4 14:58 tclTomMath.h -> ../../System/Library/Frameworks/Tcl.framework/Versions/8.5/Headers/tclTomMath.h
HELLOlrwxr-xr-x    1 root  wheel       84 Oct  4 14:58 tclTomMathDecls.h -> ../../System/Library/Frameworks/Tcl.framework/Versions/8.5/Headers/tclTomMathDecls.h
HELLO-rw-r--r--    1 root  wheel    38205 Oct 14 23:21 term.h
HELLO-rw-r--r--    1 root  wheel     7056 Oct 14 23:21 term_entry.h
HELLO-rw-r--r--    1 root  wheel     3476 Oct 14 23:21 termcap.h
HELLO-r--r--r--    1 root  wheel     1199 Feb  4 09:38 termios.h
HELLO-rw-r--r--    1 root  wheel    30569 Feb  4 09:36 tgmath.h
HELLO-rw-r--r--    1 root  wheel    12181 Oct 14 23:21 tic.h
HELLOdrwxr-xr-x    6 root  wheel      204 Oct 14 23:41 tidy
HELLO-r--r--r--    1 root  wheel     7669 Feb  4 09:38 time.h
HELLO-r--r--r--    1 root  wheel     2684 Feb  4 09:38 timeconv.h
HELLOlrwxr-xr-x    1 root  wheel       70 Oct  4 14:58 tk.h -> ../../System/Library/Frameworks/Tk.framework/Versions/8.5/Headers/tk.h
HELLOlrwxr-xr-x    1 root  wheel       75 Oct  4 14:58 tkDecls.h -> ../../System/Library/Frameworks/Tk.framework/Versions/8.5/Headers/tkDecls.h
HELLOlrwxr-xr-x    1 root  wheel       82 Oct  4 14:58 tkIntXlibDecls.h -> ../../System/Library/Frameworks/Tk.framework/Versions/8.5/Headers/tkIntXlibDecls.h
HELLOlrwxr-xr-x    1 root  wheel       76 Oct  4 14:58 tkMacOSX.h -> ../../System/Library/Frameworks/Tk.framework/Versions/8.5/Headers/tkMacOSX.h
HELLOlrwxr-xr-x    1 root  wheel       79 Oct  4 14:58 tkPlatDecls.h -> ../../System/Library/Frameworks/Tk.framework/Versions/8.5/Headers/tkPlatDecls.h
HELLO-r--r--r--    1 root  wheel     2903 Feb  4 09:38 ttyent.h
HELLO-r--r--r--    1 root  wheel     5684 Feb  4 09:38 tzfile.h
HELLO-rw-r--r--    1 root  wheel     2054 Feb  4 09:36 ucontext.h
HELLO-r--r--r--    1 root  wheel     1625 Feb  4 09:38 ulimit.h
HELLO-rw-r--r--    1 root  wheel     3005 Oct 14 23:21 unctrl.h
HELLO-r--r--r--    1 root  wheel    28283 Feb  4 09:38 unistd.h
HELLO-rw-r--r--    1 root  wheel     8675 Oct 14 22:42 unwind.h
HELLO-r--r--r--    1 root  wheel     4552 Feb  4 09:38 util.h
HELLO-r--r--r--    1 root  wheel     3164 Feb  4 09:38 utime.h
HELLO-r--r--r--    1 root  wheel     4010 Feb  4 09:38 utmp.h
HELLO-r--r--r--    1 root  wheel     6798 Feb  4 09:38 utmpx.h
HELLOdrwxr-xr-x    3 root  wheel      102 Mar  4 01:51 uuid
HELLOdrwxr-xr-x    3 root  wheel      102 Mar  4 01:51 vfs
HELLO-r--r--r--    1 root  wheel     5278 Feb  4 09:38 vis.h
HELLOdrwxr-xr-x    3 root  wheel      102 Mar  4 01:51 voucher
HELLO-rw-r--r--    1 root  wheel     1176 Feb  7 06:57 vproc.h
HELLO-r--r--r--    1 root  wheel    10079 Feb  4 09:38 wchar.h
HELLO-r--r--r--    1 root  wheel     3464 Feb  4 09:38 wctype.h
HELLO-r--r--r--    1 root  wheel     3085 Feb  4 09:38 wordexp.h
HELLOdrwxr-xr-x    3 root  wheel      102 Oct 27 01:44 xar
HELLO-rw-r--r--    1 root  wheel     5973 Oct 14 22:55 xattr_flags.h
HELLOdrwxr-xr-x   14 root  wheel      476 Feb  4 09:38 xlocale
HELLO-r--r--r--    1 root  wheel     3126 Feb  4 09:38 xlocale.h
HELLOdrwxr-xr-x   10 root  wheel      340 Feb  7 06:57 xpc
HELLO-rw-r--r--    1 root  wheel    15295 Oct 14 23:19 zconf.h
HELLO-rw-r--r--    1 root  wheel    89381 Oct 14 23:19 zlib.h
