total 1544
-rw-r--r--    1 root  wheel    43348 Oct 15  2016 AppleTextureEncoder.h
-rw-r--r--    1 root  wheel    59202 Jan 26  2017 AssertMacros.h
-rw-r--r--    1 root  wheel    16150 Jan 26  2017 Availability.h
-rw-r--r--    1 root  wheel  2638930 Jan 26  2017 AvailabilityInternal.h
-rw-r--r--    1 root  wheel   205220 Jan 26  2017 AvailabilityMacros.h
-rw-r--r--    1 root  wheel     1775 Oct 14  2016 Block.h
drwxr-xr-x   10 root  wheel      340 Feb  4  2017 CommonCrypto
-rw-r--r--    1 root  wheel    26794 Jan 26  2017 ConditionalMacros.h
-rw-r--r--    1 root  wheel    31722 Jan 26  2017 MacTypes.h
-rw-r--r--    1 root  wheel     5060 Feb  4  2017 NSSystemDirectories.h
-rw-r--r--    1 root  wheel    15170 Jan 26  2017 TargetConditionals.h
-r--r--r--    1 root  wheel    27271 Oct 15  2016 Xplugin.h
-rw-r--r--    1 root  wheel      637 Jan 31  2017 __cxxabi_config.h
-r--r--r--    1 root  wheel     2718 Feb  4  2017 _locale.h
drwxr-xr-x   11 root  wheel      374 Feb  4  2017 _types
-r--r--r--    1 root  wheel     2192 Feb  4  2017 _types.h
-r--r--r--    1 root  wheel     4071 Feb  4  2017 _wctype.h
-r--r--r--    1 root  wheel     1158 Feb  4  2017 _xlocale.h
-r--r--r--    1 root  wheel     1214 Feb  4  2017 aio.h
-r--r--r--    1 root  wheel     1435 Jan 21  2017 aliasdb.h
-r--r--r--    1 root  wheel     1376 Feb  4  2017 alloca.h
drwxr-xr-x  116 root  wheel     3944 Mar  7  2017 apache2
drwxr-xr-x   73 root  wheel     2482 Oct 15  2016 apr-1
-r--r--r--    1 root  wheel     2901 Feb  4  2017 ar.h
drwxr-xr-x    5 root  wheel      170 Jul 30  2016 architecture
drwxr-xr-x    8 root  wheel      272 Oct  4 14:59 arpa
-rw-r--r--    1 root  wheel    49386 Nov 10  2016 asl.h
-r--r--r--    1 root  wheel     4197 Feb  4  2017 assert.h
drwxr-xr-x    5 root  wheel      170 Mar  4  2017 atm
drwxr-xr-x    3 root  wheel      102 Mar  4  2017 bank
-r--r--r--    1 root  wheel     5084 Feb  4  2017 bitstring.h
-r--r--r--    1 root  wheel     1556 Jan 21  2017 bootparams.h
-rw-r--r--    1 root  wheel     3560 Feb  7  2017 bootstrap.h
drwxr-xr-x   14 root  wheel      476 Mar  7  2017 bsm
-rw-r--r--    1 root  wheel     6245 Feb  4  2017 bzlib.h
drwxr-xr-x    3 root  wheel      102 Oct 14  2016 c++
-rw-r--r--    1 root  wheel    11808 Oct 14  2016 cache.h
-rw-r--r--    1 root  wheel     1431 Oct 14  2016 cache_callbacks.h
-rw-r--r--    1 root  wheel    19340 Oct 14  2016 checkint.h
-rw-r--r--    1 root  wheel     3139 Oct 15  2016 com_err.h
-rw-r--r--    1 root  wheel     6362 Feb  4  2017 complex.h
-rw-r--r--    1 root  wheel    17273 Dec 11  2016 compression.h
-rw-r--r--    1 root  wheel     4251 Oct 14  2016 copyfile.h
drwxr-xr-x    3 root  wheel      102 Mar  4  2017 corpses
-r--r--r--    1 root  wheel     2466 Feb  4  2017 cpio.h
-r--r--r--    1 root  wheel     1588 Feb  4  2017 crt_externs.h
-r--r--r--    1 root  wheel    10406 Feb  4  2017 ctype.h
drwxr-xr-x   17 root  wheel      578 Feb  4  2017 cups
drwxr-xr-x   11 root  wheel      374 Dec 22  2016 curl
-rw-r--r--    1 root  wheel    80094 Oct 14  2016 curses.h
-rw-r--r--    1 root  wheel     6539 Jan 31  2017 cxxabi.h
-r--r--r--    1 root  wheel     7897 Feb  4  2017 db.h
drwxr-xr-x    3 root  wheel      102 Mar  4  2017 default_pager
drwxr-xr-x    6 root  wheel      204 Mar  4  2017 device
-r--r--r--    1 root  wheel     6688 Feb  4  2017 dirent.h
-r--r--r--    1 root  wheel     2590 Feb  4  2017 disktab.h
drwxr-xr-x   17 root  wheel      578 Feb 21  2017 dispatch
-rw-r--r--    1 root  wheel     2847 Mar  4  2017 dlfcn.h
-rw-r--r--    1 root  wheel     5682 Oct 14  2016 dns.h
-rw-r--r--    1 root  wheel   134268 Feb  2  2017 dns_sd.h
-rw-r--r--    1 root  wheel     7953 Oct 14  2016 dns_util.h
-rw-r--r--    1 root  wheel    26438 Feb  2  2017 dtrace.h
drwxr-xr-x    3 root  wheel      102 Oct 14  2016 editline
-r--r--r--    1 root  wheel     4360 Feb  4  2017 err.h
-r--r--r--    1 root  wheel     1003 Feb  4  2017 errno.h
-rw-r--r--    1 root  wheel     2891 Oct 14  2016 eti.h
-r--r--r--    1 root  wheel     1393 Feb  4  2017 execinfo.h
-rw-r--r--    1 root  wheel    41805 Oct 14  2016 expat.h
-rw-r--r--    1 root  wheel     3364 Oct 14  2016 expat_external.h
-r--r--r--    1 root  wheel     1002 Feb  4  2017 fcntl.h
-rw-r--r--    1 root  wheel    18958 Feb  4  2017 fenv.h
drwxr-xr-x    9 root  wheel      306 Oct 14  2016 ffi
-r--r--r--    1 root  wheel     2831 Feb  4  2017 fmtmsg.h
-r--r--r--    1 root  wheel     3602 Feb  4  2017 fnmatch.h
-rw-r--r--    1 root  wheel    17190 Oct 14  2016 form.h
-r--r--r--    1 root  wheel     2436 Feb  4  2017 fsproperties.h
-r--r--r--    1 root  wheel     3220 Feb  4  2017 fstab.h
-r--r--r--    1 root  wheel     7601 Feb  4  2017 fts.h
-r--r--r--    1 root  wheel     2291 Feb  4  2017 ftw.h
-r--r--r--    1 root  wheel     1339 Feb  4  2017 get_compat.h
-rw-r--r--    1 root  wheel     1878 Mar  4  2017 gethostuuid.h
-r--r--r--    1 root  wheel     3260 Feb  4  2017 getopt.h
-r--r--r--    1 root  wheel     5497 Feb  4  2017 glob.h
-r--r--r--    1 root  wheel     3507 Jan 21  2017 grp.h
drwxr-xr-x    5 root  wheel      170 Oct 15  2016 gssapi
-rw-r--r--    1 root  wheel      118 Oct 15  2016 gssapi.h
drwxr-xr-x    5 root  wheel      170 Mar  4  2017 hfs
-rw-r--r--    1 root  wheel     9246 Oct 14  2016 histedit.h
drwxr-xr-x   16 root  wheel      544 Mar  4  2017 i386
-r--r--r--    1 root  wheel     7981 Oct 14  2016 iconv.h
-r--r--r--    1 root  wheel     2293 Jan 21  2017 ifaddrs.h
-r--r--r--    1 root  wheel     8821 Feb  4  2017 inttypes.h
-r--r--r--    1 root  wheel     1852 Feb  4  2017 iso646.h
drwxr-xr-x    5 root  wheel      170 Mar  4  2017 kern
drwxr-xr-x    5 root  wheel      170 Oct 15  2016 krb5
-rw-r--r--    1 root  wheel      338 Oct 15  2016 krb5.h
-r--r--r--    1 root  wheel     3820 Feb  4  2017 langinfo.h
-rw-r--r--    1 root  wheel    15550 Feb  7  2017 launch.h
-rw-r--r--    1 root  wheel    25607 Oct 15  2016 lber.h
-rw-r--r--    1 root  wheel     1468 Oct 15  2016 lber_types.h
-rw-r--r--    1 root  wheel    89753 Oct 15  2016 ldap.h
-rw-r--r--    1 root  wheel     9466 Oct 15  2016 ldap_cdefs.h
-rw-r--r--    1 root  wheel     1814 Oct 15  2016 ldap_features.h
-rw-r--r--    1 root  wheel     9450 Oct 15  2016 ldap_schema.h
-rw-r--r--    1 root  wheel     3468 Oct 15  2016 ldap_utf8.h
-rw-r--r--    1 root  wheel     4674 Oct 15  2016 ldif.h
-r--r--r--    1 root  wheel     2012 Feb  4  2017 libc.h
-r--r--r--    1 root  wheel     1550 Oct 14  2016 libcharset.h
drwxr-xr-x    5 root  wheel      170 Feb 11  2017 libexslt
-r--r--r--    1 root  wheel     2326 Feb  4  2017 libgen.h
drwxr-xr-x   16 root  wheel      544 Mar  7  2017 libkern
-rw-r--r--    1 root  wheel     5924 Mar  4  2017 libproc.h
-rw-r--r--    1 root  wheel     9564 Oct 14  2016 libunwind.h
drwxr-xr-x    3 root  wheel      102 Feb 11  2017 libxml2
drwxr-xr-x   23 root  wheel      782 Feb 11  2017 libxslt
-r--r--r--    1 root  wheel     5910 Feb  4  2017 limits.h
-r--r--r--    1 root  wheel     1395 Oct 14  2016 localcharset.h
-r--r--r--    1 root  wheel     2288 Feb  4  2017 locale.h
drwxr-xr-x  112 root  wheel     3808 Mar  7  2017 mach
drwxr-xr-x   20 root  wheel      680 Mar  7  2017 mach-o
drwxr-xr-x   11 root  wheel      374 Mar  4  2017 mach_debug
drwxr-xr-x   15 root  wheel      510 Mar  4  2017 machine
drwxr-xr-x    3 root  wheel      102 Mar  7  2017 malloc
-rw-r--r--    1 root  wheel    33084 Feb  4  2017 math.h
-r--r--r--    1 root  wheel     8889 Jan 21  2017 membership.h
-r--r--r--    1 root  wheel     1893 Feb  4  2017 memory.h
-rw-r--r--    1 root  wheel    11845 Oct 14  2016 menu.h
drwxr-xr-x    5 root  wheel      170 Mar  4  2017 miscfs
-rw-r--r--    1 root  wheel    22200 Sep 20  2016 module.modulemap
-r--r--r--    1 root  wheel     1826 Feb  4  2017 monetary.h
-r--r--r--    1 root  wheel     2348 Feb  4  2017 monitor.h
-r--r--r--    1 root  wheel     4138 Feb  4  2017 mpool.h
-rw-r--r--    1 root  wheel    22018 Oct 14  2016 nameser.h
-rw-r--r--    1 root  wheel     3947 Oct 14  2016 nc_tparm.h
lrwxr-xr-x    1 root  wheel        8 Oct  4 14:58 ncurses.h -> curses.h
-rw-r--r--    1 root  wheel     3898 Oct 14  2016 ncurses_dll.h
-r--r--r--    1 root  wheel     4464 Feb  4  2017 ndbm.h
drwxr-xr-x   19 root  wheel      646 Mar  4  2017 net
drwxr-xr-x   19 root  wheel      646 Oct 15  2016 net-snmp
-r--r--r--    1 root  wheel    12326 Jan 21  2017 netdb.h
drwxr-xr-x   24 root  wheel      816 Mar  4  2017 netinet
drwxr-xr-x   11 root  wheel      374 Mar  4  2017 netinet6
drwxr-xr-x    3 root  wheel      102 Mar  4  2017 netkey
drwxr-xr-x   15 root  wheel      510 Mar  4  2017 nfs
-r--r--r--    1 root  wheel     3457 Feb  4  2017 nl_types.h
-r--r--r--    1 root  wheel     3434 Feb  4  2017 nlist.h
-rw-r--r--    1 root  wheel    13102 Oct 14  2016 notify.h
-rw-r--r--    1 root  wheel     3379 Oct 14  2016 notify_keys.h
-r--r--r--    1 root  wheel     1209 Jan 21  2017 ntsid.h
drwxr-xr-x   20 root  wheel      680 Mar  7  2017 objc
drwxr-xr-x   11 root  wheel      374 Jan 20  2017 odmodule
drwxr-xr-x   11 root  wheel      374 Mar  7  2017 os
-rw-r--r--    1 root  wheel     3770 Oct 14  2016 panel.h
-r--r--r--    1 root  wheel     4199 Feb  4  2017 paths.h
drwxr-xr-x   11 root  wheel      374 Feb 21  2017 pcap
-rw-r--r--    1 root  wheel     2294 Feb 21  2017 pcap-bpf.h
-rw-r--r--    1 root  wheel     2024 Feb 21  2017 pcap-namedb.h
-rw-r--r--    1 root  wheel     2226 Feb 21  2017 pcap.h
drwxr-xr-x    7 root  wheel      238 Mar  4  2017 pexpert
drwxr-xr-x    7 root  wheel      238 Mar 24  2017 php
-r--r--r--    1 root  wheel     1004 Feb  4  2017 poll.h
-r--r--r--    1 root  wheel     1565 Jan 21  2017 printerdb.h
-r--r--r--    1 root  wheel    11130 Feb  4  2017 printf.h
-rw-r--r--    1 root  wheel     6196 Oct 15  2016 profile.h
drwxr-xr-x    6 root  wheel      204 Feb  4  2017 protocols
drwxr-xr-x    9 root  wheel      306 Feb  4  2017 pthread
lrwxr-xr-x    1 root  wheel       17 Oct  4 14:58 pthread.h -> pthread/pthread.h
lrwxr-xr-x    1 root  wheel       22 Oct  4 14:58 pthread_impl.h -> pthread/pthread_impl.h
lrwxr-xr-x    1 root  wheel       22 Oct  4 14:58 pthread_spis.h -> pthread/pthread_spis.h
-r--r--r--    1 root  wheel     4749 Jan 21  2017 pwd.h
lrwxr-xr-x    1 root  wheel       79 Oct  4 14:58 python2.6 -> ../../System/Library/Frameworks/Python.framework/Versions/2.6/include/python2.6
lrwxr-xr-x    1 root  wheel       79 Oct  4 14:58 python2.7 -> ../../System/Library/Frameworks/Python.framework/Versions/2.7/include/python2.7
-r--r--r--    1 root  wheel     4967 Feb  4  2017 ranlib.h
drwxr-xr-x    4 root  wheel      136 Oct  4 14:59 readline
-r--r--r--    1 root  wheel     1664 Feb  4  2017 readpassphrase.h
-r--r--r--    1 root  wheel     9797 Feb  4  2017 regex.h
-rw-r--r--    1 root  wheel     2138 Oct 14  2016 removefile.h
-rw-r--r--    1 root  wheel    19273 Oct 14  2016 resolv.h
drwxr-xr-x   14 root  wheel      476 Jan 21  2017 rpc
drwxr-xr-x   34 root  wheel     1156 Mar  7  2017 rpcsvc
-r--r--r--    1 root  wheel     3738 Feb  4  2017 rune.h
-r--r--r--    1 root  wheel     4198 Feb  4  2017 runetype.h
-rw-r--r--    1 root  wheel     3056 Feb  4  2017 sandbox.h
drwxr-xr-x   10 root  wheel      340 Feb  4  2017 sasl
lrwxr-xr-x    1 root  wheel       15 Oct  4 14:58 sched.h -> pthread/sched.h
-r--r--r--    1 root  wheel     1373 Feb  4  2017 search.h
drwxr-xr-x    5 root  wheel      170 Feb  4  2017 secure
drwxr-xr-x   12 root  wheel      408 Mar  7  2017 security
-r--r--r--    1 root  wheel     1135 Feb  4  2017 semaphore.h
drwxr-xr-x    9 root  wheel      306 Oct  4 14:59 servers
-rw-r--r--    1 root  wheel     3139 Feb  4  2017 setjmp.h
-r--r--r--    1 root  wheel     2213 Feb  4  2017 sgtty.h
-r--r--r--    1 root  wheel     5442 Feb  4  2017 signal.h
drwxr-xr-x   16 root  wheel      544 Mar  7  2017 simd
-rw-r--r--    1 root  wheel    38247 Oct 15  2016 slapi-plugin.h
-rw-r--r--    1 root  wheel     6983 Mar  4  2017 spawn.h
-rw-r--r--    1 root  wheel   423626 Feb 19  2017 sqlite3.h
-rw-r--r--    1 root  wheel    30004 Feb 19  2017 sqlite3ext.h
-r--r--r--    1 root  wheel     3273 Feb  4  2017 stab.h
-r--r--r--    1 root  wheel     1234 Feb  4  2017 standards.h
-r--r--r--    1 root  wheel     3816 Feb  4  2017 stddef.h
-r--r--r--    1 root  wheel     5408 Feb  4  2017 stdint.h
-r--r--r--    1 root  wheel    19154 Feb  4  2017 stdio.h
-r--r--r--    1 root  wheel    14088 Feb  4  2017 stdlib.h
-r--r--r--    1 root  wheel     1968 Feb  4  2017 strhash.h
-r--r--r--    1 root  wheel     7633 Feb  4  2017 string.h
-r--r--r--    1 root  wheel     2233 Feb  4  2017 stringlist.h
-r--r--r--    1 root  wheel     4063 Feb  4  2017 strings.h
-r--r--r--    1 root  wheel     2300 Feb  4  2017 struct.h
drwxr-xr-x  131 root  wheel     4454 Mar  7  2017 sys
-rw-r--r--    1 root  wheel     5527 Feb  4  2017 sysdir.h
-r--r--r--    1 root  wheel     5472 Feb  4  2017 sysexits.h
-r--r--r--    1 root  wheel     1004 Feb  4  2017 syslog.h
-r--r--r--    1 root  wheel     3146 Feb  4  2017 tar.h
lrwxr-xr-x    1 root  wheel       72 Oct  4 14:58 tcl.h -> ../../System/Library/Frameworks/Tcl.framework/Versions/8.5/Headers/tcl.h
lrwxr-xr-x    1 root  wheel       77 Oct  4 14:58 tclDecls.h -> ../../System/Library/Frameworks/Tcl.framework/Versions/8.5/Headers/tclDecls.h
lrwxr-xr-x    1 root  wheel       81 Oct  4 14:58 tclPlatDecls.h -> ../../System/Library/Frameworks/Tcl.framework/Versions/8.5/Headers/tclPlatDecls.h
lrwxr-xr-x    1 root  wheel       79 Oct  4 14:58 tclTomMath.h -> ../../System/Library/Frameworks/Tcl.framework/Versions/8.5/Headers/tclTomMath.h
lrwxr-xr-x    1 root  wheel       84 Oct  4 14:58 tclTomMathDecls.h -> ../../System/Library/Frameworks/Tcl.framework/Versions/8.5/Headers/tclTomMathDecls.h
-rw-r--r--    1 root  wheel    38205 Oct 14  2016 term.h
-rw-r--r--    1 root  wheel     7056 Oct 14  2016 term_entry.h
-rw-r--r--    1 root  wheel     3476 Oct 14  2016 termcap.h
-r--r--r--    1 root  wheel     1199 Feb  4  2017 termios.h
-rw-r--r--    1 root  wheel    30569 Feb  4  2017 tgmath.h
-rw-r--r--    1 root  wheel    12181 Oct 14  2016 tic.h
drwxr-xr-x    6 root  wheel      204 Oct 14  2016 tidy
-r--r--r--    1 root  wheel     7669 Feb  4  2017 time.h
-r--r--r--    1 root  wheel     2684 Feb  4  2017 timeconv.h
lrwxr-xr-x    1 root  wheel       70 Oct  4 14:58 tk.h -> ../../System/Library/Frameworks/Tk.framework/Versions/8.5/Headers/tk.h
lrwxr-xr-x    1 root  wheel       75 Oct  4 14:58 tkDecls.h -> ../../System/Library/Frameworks/Tk.framework/Versions/8.5/Headers/tkDecls.h
lrwxr-xr-x    1 root  wheel       82 Oct  4 14:58 tkIntXlibDecls.h -> ../../System/Library/Frameworks/Tk.framework/Versions/8.5/Headers/tkIntXlibDecls.h
lrwxr-xr-x    1 root  wheel       76 Oct  4 14:58 tkMacOSX.h -> ../../System/Library/Frameworks/Tk.framework/Versions/8.5/Headers/tkMacOSX.h
lrwxr-xr-x    1 root  wheel       79 Oct  4 14:58 tkPlatDecls.h -> ../../System/Library/Frameworks/Tk.framework/Versions/8.5/Headers/tkPlatDecls.h
-r--r--r--    1 root  wheel     2903 Feb  4  2017 ttyent.h
-r--r--r--    1 root  wheel     5684 Feb  4  2017 tzfile.h
-rw-r--r--    1 root  wheel     2054 Feb  4  2017 ucontext.h
-r--r--r--    1 root  wheel     1625 Feb  4  2017 ulimit.h
-rw-r--r--    1 root  wheel     3005 Oct 14  2016 unctrl.h
-r--r--r--    1 root  wheel    28283 Feb  4  2017 unistd.h
-rw-r--r--    1 root  wheel     8675 Oct 14  2016 unwind.h
-r--r--r--    1 root  wheel     4552 Feb  4  2017 util.h
-r--r--r--    1 root  wheel     3164 Feb  4  2017 utime.h
-r--r--r--    1 root  wheel     4010 Feb  4  2017 utmp.h
-r--r--r--    1 root  wheel     6798 Feb  4  2017 utmpx.h
drwxr-xr-x    3 root  wheel      102 Mar  4  2017 uuid
drwxr-xr-x    3 root  wheel      102 Mar  4  2017 vfs
-r--r--r--    1 root  wheel     5278 Feb  4  2017 vis.h
drwxr-xr-x    3 root  wheel      102 Mar  4  2017 voucher
-rw-r--r--    1 root  wheel     1176 Feb  7  2017 vproc.h
-r--r--r--    1 root  wheel    10079 Feb  4  2017 wchar.h
-r--r--r--    1 root  wheel     3464 Feb  4  2017 wctype.h
-r--r--r--    1 root  wheel     3085 Feb  4  2017 wordexp.h
drwxr-xr-x    3 root  wheel      102 Oct 27  2016 xar
-rw-r--r--    1 root  wheel     5973 Oct 14  2016 xattr_flags.h
drwxr-xr-x   14 root  wheel      476 Feb  4  2017 xlocale
-r--r--r--    1 root  wheel     3126 Feb  4  2017 xlocale.h
drwxr-xr-x   10 root  wheel      340 Feb  7  2017 xpc
-rw-r--r--    1 root  wheel    15295 Oct 14  2016 zconf.h
-rw-r--r--    1 root  wheel    89381 Oct 14  2016 zlib.h
